INFO	Thu Apr 07 12:54:49 MSK 2022	Написать метод, в который передается не пустой одномерный целочисленный массив, метод должен вернуть true,  если в массиве есть место, в котором сумма левой и правой части массива равны.
INFO	Thu Apr 07 12:54:49 MSK 2022	check array
INFO	Thu Apr 07 12:54:49 MSK 2022	find separator 6
INFO	Thu Apr 07 12:54:49 MSK 2022	res is true
INFO	Thu Apr 07 12:54:49 MSK 2022	new int[]{2, 2, 2, 1, 2, 2, 10, 1} : true
INFO	Thu Apr 07 12:54:49 MSK 2022	check array
INFO	Thu Apr 07 12:54:49 MSK 2022	find separator 4
INFO	Thu Apr 07 12:54:49 MSK 2022	res is true
INFO	Thu Apr 07 12:54:49 MSK 2022	new int[]{1, 1, 1, 1, 4} : true
INFO	Thu Apr 07 12:54:49 MSK 2022	check array
INFO	Thu Apr 07 12:54:49 MSK 2022	find separator 4
INFO	Thu Apr 07 12:54:49 MSK 2022	res is true
INFO	Thu Apr 07 12:54:49 MSK 2022	new int[]{1, 1, 1, 2, 5} : true
INFO	Thu Apr 07 12:54:49 MSK 2022	Написать метод, которому на вход подается одномерный массив и число (может быть положительным, или отрицательным),  при этом метод должен сместить все элементы массива на n позиций. Элементы смещаются циклично. Для усложнения задачи нельзя пользоваться вспомогательными массивами. Примеры: [ 1, 2, 3 ] при n = 1 (на один вправо) -> [ 3, 1, 2 ];  [ 3, 5, 6, 1] при n = -2 (на два влево) -> [ 6, 1, 3, 5 ]. При каком n в какую сторону сдвиг можете выбирать сами.
INFO	Thu Apr 07 12:54:49 MSK 2022	Array before: [1, 2, 3, 4, 5, 6, 7, 8]
INFO	Thu Apr 07 12:54:49 MSK 2022	shift > 0
INFO	Thu Apr 07 12:54:49 MSK 2022	Array after: [7, 8, 1, 2, 3, 4, 5, 6]
INFO	Thu Apr 07 12:54:49 MSK 2022	Array before: [1, 2, 3, 4, 5, 6, 7, 8]
INFO	Thu Apr 07 12:54:49 MSK 2022	shift < 0
INFO	Thu Apr 07 12:54:49 MSK 2022	Array after: [3, 4, 5, 6, 7, 8, 1, 2]
